Analysis & Synthesis report for Arithmetic_LU
Fri Dec 06 10:13:20 2024
Quartus II 64-Bit Version 13.0.1 Build 232 06/12/2013 Service Pack 1 SJ Web Edition


---------------------
; Table of Contents ;
---------------------
  1. Legal Notice
  2. Analysis & Synthesis Summary
  3. Analysis & Synthesis Settings
  4. Parallel Compilation
  5. Analysis & Synthesis Source Files Read
  6. Analysis & Synthesis Resource Usage Summary
  7. Analysis & Synthesis Resource Utilization by Entity
  8. User-Specified and Inferred Latches
  9. Logic Cells Representing Combinational Loops
 10. General Register Statistics
 11. Multiplexer Restructuring Statistics (Restructuring Performed)
 12. Port Connectivity Checks: "m8BitSubtractor:m8BitSUB|mFullSubtractor:FullSubtractor_3"
 13. Port Connectivity Checks: "m8BitSubtractor:m8BitSUB|mFullSubtractor:FullSubtractor_0"
 14. Port Connectivity Checks: "m8BitSubtractor:m8BitSUB"
 15. Port Connectivity Checks: "m8BitAddition:m8BitADDwCarry"
 16. Port Connectivity Checks: "m8BitAddition:m8BitADD|mFullAdder:Full_Add_8"
 17. Port Connectivity Checks: "m8BitAddition:m8BitADD"
 18. Elapsed Time Per Partition
 19. Analysis & Synthesis Messages
 20. Analysis & Synthesis Suppressed Messages



----------------
; Legal Notice ;
----------------
Copyright (C) 1991-2013 Altera Corporation
Your use of Altera Corporation's design tools, logic functions 
and other software and tools, and its AMPP partner logic 
functions, and any output files from any of the foregoing 
(including device programming or simulation files), and any 
associated documentation or information are expressly subject 
to the terms and conditions of the Altera Program License 
Subscription Agreement, Altera MegaCore Function License 
Agreement, or other applicable license agreement, including, 
without limitation, that your use is for the sole purpose of 
programming logic devices manufactured by Altera and sold by 
Altera or its authorized distributors.  Please refer to the 
applicable agreement for further details.



+--------------------------------------------------------------------------------------+
; Analysis & Synthesis Summary                                                         ;
+------------------------------------+-------------------------------------------------+
; Analysis & Synthesis Status        ; Successful - Fri Dec 06 10:13:20 2024           ;
; Quartus II 64-Bit Version          ; 13.0.1 Build 232 06/12/2013 SP 1 SJ Web Edition ;
; Revision Name                      ; Arithmetic_LU                                   ;
; Top-level Entity Name              ; Arithmetic_LU                                   ;
; Family                             ; Cyclone IV GX                                   ;
; Total logic elements               ; 149                                             ;
;     Total combinational functions  ; 149                                             ;
;     Dedicated logic registers      ; 33                                              ;
; Total registers                    ; 33                                              ;
; Total pins                         ; 98                                              ;
; Total virtual pins                 ; 0                                               ;
; Total memory bits                  ; 0                                               ;
; Embedded Multiplier 9-bit elements ; 0                                               ;
; Total GXB Receiver Channel PCS     ; 0                                               ;
; Total GXB Receiver Channel PMA     ; 0                                               ;
; Total GXB Transmitter Channel PCS  ; 0                                               ;
; Total GXB Transmitter Channel PMA  ; 0                                               ;
; Total PLLs                         ; 0                                               ;
+------------------------------------+-------------------------------------------------+


+----------------------------------------------------------------------------------------------------------------------+
; Analysis & Synthesis Settings                                                                                        ;
+----------------------------------------------------------------------------+--------------------+--------------------+
; Option                                                                     ; Setting            ; Default Value      ;
+----------------------------------------------------------------------------+--------------------+--------------------+
; Top-level entity name                                                      ; Arithmetic_LU      ; Arithmetic_LU      ;
; Family name                                                                ; Cyclone IV GX      ; Cyclone IV GX      ;
; Use smart compilation                                                      ; Off                ; Off                ;
; Enable parallel Assembler and TimeQuest Timing Analyzer during compilation ; On                 ; On                 ;
; Enable compact report table                                                ; Off                ; Off                ;
; Restructure Multiplexers                                                   ; Auto               ; Auto               ;
; Create Debugging Nodes for IP Cores                                        ; Off                ; Off                ;
; Preserve fewer node names                                                  ; On                 ; On                 ;
; Disable OpenCore Plus hardware evaluation                                  ; Off                ; Off                ;
; Verilog Version                                                            ; Verilog_2001       ; Verilog_2001       ;
; VHDL Version                                                               ; VHDL_1993          ; VHDL_1993          ;
; State Machine Processing                                                   ; Auto               ; Auto               ;
; Safe State Machine                                                         ; Off                ; Off                ;
; Extract Verilog State Machines                                             ; On                 ; On                 ;
; Extract VHDL State Machines                                                ; On                 ; On                 ;
; Ignore Verilog initial constructs                                          ; Off                ; Off                ;
; Iteration limit for constant Verilog loops                                 ; 5000               ; 5000               ;
; Iteration limit for non-constant Verilog loops                             ; 250                ; 250                ;
; Add Pass-Through Logic to Inferred RAMs                                    ; On                 ; On                 ;
; Infer RAMs from Raw Logic                                                  ; On                 ; On                 ;
; Parallel Synthesis                                                         ; On                 ; On                 ;
; DSP Block Balancing                                                        ; Auto               ; Auto               ;
; NOT Gate Push-Back                                                         ; On                 ; On                 ;
; Power-Up Don't Care                                                        ; On                 ; On                 ;
; Remove Redundant Logic Cells                                               ; Off                ; Off                ;
; Remove Duplicate Registers                                                 ; On                 ; On                 ;
; Ignore CARRY Buffers                                                       ; Off                ; Off                ;
; Ignore CASCADE Buffers                                                     ; Off                ; Off                ;
; Ignore GLOBAL Buffers                                                      ; Off                ; Off                ;
; Ignore ROW GLOBAL Buffers                                                  ; Off                ; Off                ;
; Ignore LCELL Buffers                                                       ; Off                ; Off                ;
; Ignore SOFT Buffers                                                        ; On                 ; On                 ;
; Limit AHDL Integers to 32 Bits                                             ; Off                ; Off                ;
; Optimization Technique                                                     ; Balanced           ; Balanced           ;
; Carry Chain Length                                                         ; 70                 ; 70                 ;
; Auto Carry Chains                                                          ; On                 ; On                 ;
; Auto Open-Drain Pins                                                       ; On                 ; On                 ;
; Perform WYSIWYG Primitive Resynthesis                                      ; Off                ; Off                ;
; Auto ROM Replacement                                                       ; On                 ; On                 ;
; Auto RAM Replacement                                                       ; On                 ; On                 ;
; Auto DSP Block Replacement                                                 ; On                 ; On                 ;
; Auto Shift Register Replacement                                            ; Auto               ; Auto               ;
; Allow Shift Register Merging across Hierarchies                            ; Auto               ; Auto               ;
; Auto Clock Enable Replacement                                              ; On                 ; On                 ;
; Strict RAM Replacement                                                     ; Off                ; Off                ;
; Allow Synchronous Control Signals                                          ; On                 ; On                 ;
; Force Use of Synchronous Clear Signals                                     ; Off                ; Off                ;
; Auto RAM Block Balancing                                                   ; On                 ; On                 ;
; Auto RAM to Logic Cell Conversion                                          ; Off                ; Off                ;
; Auto Resource Sharing                                                      ; Off                ; Off                ;
; Allow Any RAM Size For Recognition                                         ; Off                ; Off                ;
; Allow Any ROM Size For Recognition                                         ; Off                ; Off                ;
; Allow Any Shift Register Size For Recognition                              ; Off                ; Off                ;
; Use LogicLock Constraints during Resource Balancing                        ; On                 ; On                 ;
; Ignore translate_off and synthesis_off directives                          ; Off                ; Off                ;
; Timing-Driven Synthesis                                                    ; On                 ; On                 ;
; Report Parameter Settings                                                  ; On                 ; On                 ;
; Report Source Assignments                                                  ; On                 ; On                 ;
; Report Connectivity Checks                                                 ; On                 ; On                 ;
; Ignore Maximum Fan-Out Assignments                                         ; Off                ; Off                ;
; Synchronization Register Chain Length                                      ; 2                  ; 2                  ;
; PowerPlay Power Optimization                                               ; Normal compilation ; Normal compilation ;
; HDL message level                                                          ; Level2             ; Level2             ;
; Suppress Register Optimization Related Messages                            ; Off                ; Off                ;
; Number of Removed Registers Reported in Synthesis Report                   ; 5000               ; 5000               ;
; Number of Swept Nodes Reported in Synthesis Report                         ; 5000               ; 5000               ;
; Number of Inverted Registers Reported in Synthesis Report                  ; 100                ; 100                ;
; Clock MUX Protection                                                       ; On                 ; On                 ;
; Auto Gated Clock Conversion                                                ; Off                ; Off                ;
; Block Design Naming                                                        ; Auto               ; Auto               ;
; SDC constraint protection                                                  ; Off                ; Off                ;
; Synthesis Effort                                                           ; Auto               ; Auto               ;
; Shift Register Replacement - Allow Asynchronous Clear Signal               ; On                 ; On                 ;
; Pre-Mapping Resynthesis Optimization                                       ; Off                ; Off                ;
; Analysis & Synthesis Message Level                                         ; Medium             ; Medium             ;
; Disable Register Merging Across Hierarchies                                ; Auto               ; Auto               ;
; Resource Aware Inference For Block RAM                                     ; On                 ; On                 ;
; Synthesis Seed                                                             ; 1                  ; 1                  ;
+----------------------------------------------------------------------------+--------------------+--------------------+


Parallel compilation was disabled, but you have multiple processors available. Enable parallel compilation to reduce compilation time.
+-------------------------------------+
; Parallel Compilation                ;
+----------------------------+--------+
; Processors                 ; Number ;
+----------------------------+--------+
; Number detected on machine ; 8      ;
; Maximum allowed            ; 1      ;
+----------------------------+--------+


+------------------------------------------------------------------------------------------------------------------------------------------------+
; Analysis & Synthesis Source Files Read                                                                                                         ;
+----------------------------------+-----------------+------------------------+--------------------------------------------------------+---------+
; File Name with User-Entered Path ; Used in Netlist ; File Type              ; File Name with Absolute Path                           ; Library ;
+----------------------------------+-----------------+------------------------+--------------------------------------------------------+---------+
; Arithmetic_LU.v                  ; yes             ; User Verilog HDL File  ; C:/altera/13.0sp1/PROJS/ALU COMPILED/Arithmetic_LU.v   ;         ;
; mHalfAdder.v                     ; yes             ; User Verilog HDL File  ; C:/altera/13.0sp1/PROJS/ALU COMPILED/mHalfAdder.v      ;         ;
; mFullAdder.v                     ; yes             ; User Verilog HDL File  ; C:/altera/13.0sp1/PROJS/ALU COMPILED/mFullAdder.v      ;         ;
; mHalfSubtractor.v                ; yes             ; User Verilog HDL File  ; C:/altera/13.0sp1/PROJS/ALU COMPILED/mHalfSubtractor.v ;         ;
; mFullSubtractor.v                ; yes             ; User Verilog HDL File  ; C:/altera/13.0sp1/PROJS/ALU COMPILED/mFullSubtractor.v ;         ;
; m8BitSubtractor.v                ; yes             ; User Verilog HDL File  ; C:/altera/13.0sp1/PROJS/ALU COMPILED/m8BitSubtractor.v ;         ;
; shiftreg_right.v                 ; yes             ; User Verilog HDL File  ; C:/altera/13.0sp1/PROJS/ALU COMPILED/shiftreg_right.v  ;         ;
; shiftreg_left.v                  ; yes             ; User Verilog HDL File  ; C:/altera/13.0sp1/PROJS/ALU COMPILED/shiftreg_left.v   ;         ;
; mCarryFlag.v                     ; yes             ; User Verilog HDL File  ; C:/altera/13.0sp1/PROJS/ALU COMPILED/mCarryFlag.v      ;         ;
; m8BitAddition.v                  ; yes             ; User Verilog HDL File  ; C:/altera/13.0sp1/PROJS/ALU COMPILED/m8BitAddition.v   ;         ;
+----------------------------------+-----------------+------------------------+--------------------------------------------------------+---------+


+---------------------------------------------+
; Analysis & Synthesis Resource Usage Summary ;
+--------------------------+------------------+
; Resource                 ; Usage            ;
+--------------------------+------------------+
; I/O pins                 ; 98               ;
; DSP block 9-bit elements ; 0                ;
; Maximum fan-out node     ; iClk~input       ;
; Maximum fan-out          ; 33               ;
; Total fan-out            ; 734              ;
; Average fan-out          ; 1.94             ;
+--------------------------+------------------+


+--------------------------------------------------------------------------------------------------------------------------------------------------------------------------------------------------------------------------------------------------------------------------------------+
; Analysis & Synthesis Resource Utilization by Entity                                                                                                                                                                                                                                  ;
+------------------------------------------+-------------------+--------------+-------------+--------------+---------+-----------+-----------+------+--------------+----------------------------------------------------------------------------------------------------+--------------+
; Compilation Hierarchy Node               ; LC Combinationals ; LC Registers ; Memory Bits ; DSP Elements ; DSP 9x9 ; DSP 18x18 ; DSP 36x36 ; Pins ; Virtual Pins ; Full Hierarchy Name                                                                                ; Library Name ;
+------------------------------------------+-------------------+--------------+-------------+--------------+---------+-----------+-----------+------+--------------+----------------------------------------------------------------------------------------------------+--------------+
; |Arithmetic_LU                           ; 149 (96)          ; 33 (0)       ; 0           ; 0            ; 0       ; 0         ; 0         ; 98   ; 0            ; |Arithmetic_LU                                                                                     ; work         ;
;    |m8BitAddition:m8BitADDwCarry|        ; 8 (0)             ; 0 (0)        ; 0           ; 0            ; 0       ; 0         ; 0         ; 0    ; 0            ; |Arithmetic_LU|m8BitAddition:m8BitADDwCarry                                                        ; work         ;
;       |mFullAdder:Full_Add_1|            ; 1 (1)             ; 0 (0)        ; 0           ; 0            ; 0       ; 0         ; 0         ; 0    ; 0            ; |Arithmetic_LU|m8BitAddition:m8BitADDwCarry|mFullAdder:Full_Add_1                                  ; work         ;
;       |mFullAdder:Full_Add_3|            ; 2 (2)             ; 0 (0)        ; 0           ; 0            ; 0       ; 0         ; 0         ; 0    ; 0            ; |Arithmetic_LU|m8BitAddition:m8BitADDwCarry|mFullAdder:Full_Add_3                                  ; work         ;
;       |mFullAdder:Full_Add_4|            ; 2 (1)             ; 0 (0)        ; 0           ; 0            ; 0       ; 0         ; 0         ; 0    ; 0            ; |Arithmetic_LU|m8BitAddition:m8BitADDwCarry|mFullAdder:Full_Add_4                                  ; work         ;
;          |mHalfAdder:HalfAdder_1|        ; 1 (1)             ; 0 (0)        ; 0           ; 0            ; 0       ; 0         ; 0         ; 0    ; 0            ; |Arithmetic_LU|m8BitAddition:m8BitADDwCarry|mFullAdder:Full_Add_4|mHalfAdder:HalfAdder_1           ; work         ;
;       |mFullAdder:Full_Add_6|            ; 1 (1)             ; 0 (0)        ; 0           ; 0            ; 0       ; 0         ; 0         ; 0    ; 0            ; |Arithmetic_LU|m8BitAddition:m8BitADDwCarry|mFullAdder:Full_Add_6                                  ; work         ;
;       |mFullAdder:Full_Add_7|            ; 1 (1)             ; 0 (0)        ; 0           ; 0            ; 0       ; 0         ; 0         ; 0    ; 0            ; |Arithmetic_LU|m8BitAddition:m8BitADDwCarry|mFullAdder:Full_Add_7                                  ; work         ;
;       |mFullAdder:Full_Add_8|            ; 1 (1)             ; 0 (0)        ; 0           ; 0            ; 0       ; 0         ; 0         ; 0    ; 0            ; |Arithmetic_LU|m8BitAddition:m8BitADDwCarry|mFullAdder:Full_Add_8                                  ; work         ;
;    |m8BitAddition:m8BitADD|              ; 7 (0)             ; 0 (0)        ; 0           ; 0            ; 0       ; 0         ; 0         ; 0    ; 0            ; |Arithmetic_LU|m8BitAddition:m8BitADD                                                              ; work         ;
;       |mFullAdder:Full_Add_2|            ; 1 (1)             ; 0 (0)        ; 0           ; 0            ; 0       ; 0         ; 0         ; 0    ; 0            ; |Arithmetic_LU|m8BitAddition:m8BitADD|mFullAdder:Full_Add_2                                        ; work         ;
;       |mFullAdder:Full_Add_3|            ; 2 (2)             ; 0 (0)        ; 0           ; 0            ; 0       ; 0         ; 0         ; 0    ; 0            ; |Arithmetic_LU|m8BitAddition:m8BitADD|mFullAdder:Full_Add_3                                        ; work         ;
;       |mFullAdder:Full_Add_4|            ; 1 (0)             ; 0 (0)        ; 0           ; 0            ; 0       ; 0         ; 0         ; 0    ; 0            ; |Arithmetic_LU|m8BitAddition:m8BitADD|mFullAdder:Full_Add_4                                        ; work         ;
;          |mHalfAdder:HalfAdder_1|        ; 1 (1)             ; 0 (0)        ; 0           ; 0            ; 0       ; 0         ; 0         ; 0    ; 0            ; |Arithmetic_LU|m8BitAddition:m8BitADD|mFullAdder:Full_Add_4|mHalfAdder:HalfAdder_1                 ; work         ;
;       |mFullAdder:Full_Add_6|            ; 2 (2)             ; 0 (0)        ; 0           ; 0            ; 0       ; 0         ; 0         ; 0    ; 0            ; |Arithmetic_LU|m8BitAddition:m8BitADD|mFullAdder:Full_Add_6                                        ; work         ;
;       |mFullAdder:Full_Add_7|            ; 1 (1)             ; 0 (0)        ; 0           ; 0            ; 0       ; 0         ; 0         ; 0    ; 0            ; |Arithmetic_LU|m8BitAddition:m8BitADD|mFullAdder:Full_Add_7                                        ; work         ;
;    |m8BitSubtractor:m8BitSUB|            ; 6 (0)             ; 0 (0)        ; 0           ; 0            ; 0       ; 0         ; 0         ; 0    ; 0            ; |Arithmetic_LU|m8BitSubtractor:m8BitSUB                                                            ; work         ;
;       |mFullSubtractor:FullSubtractor_1| ; 1 (1)             ; 0 (0)        ; 0           ; 0            ; 0       ; 0         ; 0         ; 0    ; 0            ; |Arithmetic_LU|m8BitSubtractor:m8BitSUB|mFullSubtractor:FullSubtractor_1                           ; work         ;
;       |mFullSubtractor:FullSubtractor_3| ; 2 (0)             ; 0 (0)        ; 0           ; 0            ; 0       ; 0         ; 0         ; 0    ; 0            ; |Arithmetic_LU|m8BitSubtractor:m8BitSUB|mFullSubtractor:FullSubtractor_3                           ; work         ;
;          |mHalfSubtractor:HalfSub_1|     ; 2 (2)             ; 0 (0)        ; 0           ; 0            ; 0       ; 0         ; 0         ; 0    ; 0            ; |Arithmetic_LU|m8BitSubtractor:m8BitSUB|mFullSubtractor:FullSubtractor_3|mHalfSubtractor:HalfSub_1 ; work         ;
;       |mFullSubtractor:FullSubtractor_4| ; 1 (1)             ; 0 (0)        ; 0           ; 0            ; 0       ; 0         ; 0         ; 0    ; 0            ; |Arithmetic_LU|m8BitSubtractor:m8BitSUB|mFullSubtractor:FullSubtractor_4                           ; work         ;
;       |mFullSubtractor:FullSubtractor_5| ; 1 (1)             ; 0 (0)        ; 0           ; 0            ; 0       ; 0         ; 0         ; 0    ; 0            ; |Arithmetic_LU|m8BitSubtractor:m8BitSUB|mFullSubtractor:FullSubtractor_5                           ; work         ;
;       |mFullSubtractor:FullSubtractor_6| ; 1 (1)             ; 0 (0)        ; 0           ; 0            ; 0       ; 0         ; 0         ; 0    ; 0            ; |Arithmetic_LU|m8BitSubtractor:m8BitSUB|mFullSubtractor:FullSubtractor_6                           ; work         ;
;    |mCarryFlag:comb_26|                  ; 0 (0)             ; 1 (1)        ; 0           ; 0            ; 0       ; 0         ; 0         ; 0    ; 0            ; |Arithmetic_LU|mCarryFlag:comb_26                                                                  ; work         ;
;    |shiftreg_left:ShiftLeft_A|           ; 8 (8)             ; 8 (8)        ; 0           ; 0            ; 0       ; 0         ; 0         ; 0    ; 0            ; |Arithmetic_LU|shiftreg_left:ShiftLeft_A                                                           ; work         ;
;    |shiftreg_left:ShiftLeft_B|           ; 8 (8)             ; 8 (8)        ; 0           ; 0            ; 0       ; 0         ; 0         ; 0    ; 0            ; |Arithmetic_LU|shiftreg_left:ShiftLeft_B                                                           ; work         ;
;    |shiftreg_right:ShiftRight_A|         ; 8 (8)             ; 8 (8)        ; 0           ; 0            ; 0       ; 0         ; 0         ; 0    ; 0            ; |Arithmetic_LU|shiftreg_right:ShiftRight_A                                                         ; work         ;
;    |shiftreg_right:ShiftRight_B|         ; 8 (8)             ; 8 (8)        ; 0           ; 0            ; 0       ; 0         ; 0         ; 0    ; 0            ; |Arithmetic_LU|shiftreg_right:ShiftRight_B                                                         ; work         ;
+------------------------------------------+-------------------+--------------+-------------+--------------+---------+-----------+-----------+------+--------------+----------------------------------------------------------------------------------------------------+--------------+
Note: For table entries with two numbers listed, the numbers in parentheses indicate the number of resources of the given type used by the specific entity alone. The numbers listed outside of parentheses indicate the total resources of the given type used by the specific entity and all of its sub-entities in the hierarchy.


+----------------------------------------------------------------------------------------------------+
; User-Specified and Inferred Latches                                                                ;
+-----------------------------------------------------+---------------------+------------------------+
; Latch Name                                          ; Latch Enable Signal ; Free of Timing Hazards ;
+-----------------------------------------------------+---------------------+------------------------+
; SubPos[0]$latch                                     ; Decoder0            ; yes                    ;
; SubPos[1]$latch                                     ; Decoder0            ; yes                    ;
; SubPos[2]$latch                                     ; Decoder0            ; yes                    ;
; SubPos[3]$latch                                     ; Decoder0            ; yes                    ;
; SubPos[4]$latch                                     ; Decoder0            ; yes                    ;
; SubPos[5]$latch                                     ; Decoder0            ; yes                    ;
; SubPos[6]$latch                                     ; Decoder0            ; yes                    ;
; SubPos[7]$latch                                     ; Decoder0            ; yes                    ;
; oDiff[0]$latch                                      ; Decoder0            ; yes                    ;
; oDiff[1]$latch                                      ; Decoder0            ; yes                    ;
; oDiff[2]$latch                                      ; Decoder0            ; yes                    ;
; oDiff[3]$latch                                      ; Decoder0            ; yes                    ;
; oDiff[4]$latch                                      ; Decoder0            ; yes                    ;
; oDiff[5]$latch                                      ; Decoder0            ; yes                    ;
; oDiff[6]$latch                                      ; Decoder0            ; yes                    ;
; oDiff[7]$latch                                      ; Decoder0            ; yes                    ;
; oCarryFlag$latch                                    ; Mux9                ; yes                    ;
; Number of user-specified and inferred latches = 17  ;                     ;                        ;
+-----------------------------------------------------+---------------------+------------------------+
Note: All latches listed above may not be present at the end of synthesis due to various synthesis optimizations.


+-------------------------------------------------------------------------+
; Logic Cells Representing Combinational Loops                            ;
+---------------------------------------------------------------------+---+
; Logic Cell Name                                                     ;   ;
+---------------------------------------------------------------------+---+
; m8BitSubtractor:m8BitSUB|mFullSubtractor:FullSubtractor_4|oBorrow~0 ;   ;
; m8BitSubtractor:m8BitSUB|mFullSubtractor:FullSubtractor_5|oBorrow~0 ;   ;
; m8BitSubtractor:m8BitSUB|mFullSubtractor:FullSubtractor_6|oBorrow~0 ;   ;
; Number of logic cells representing combinational loops              ; 3 ;
+---------------------------------------------------------------------+---+
Note: All cells listed above may not be present at the end of synthesis due to various synthesis optimizations.


+------------------------------------------------------+
; General Register Statistics                          ;
+----------------------------------------------+-------+
; Statistic                                    ; Value ;
+----------------------------------------------+-------+
; Total registers                              ; 33    ;
; Number of registers using Synchronous Clear  ; 0     ;
; Number of registers using Synchronous Load   ; 0     ;
; Number of registers using Asynchronous Clear ; 33    ;
; Number of registers using Asynchronous Load  ; 0     ;
; Number of registers using Clock Enable       ; 0     ;
; Number of registers using Preset             ; 0     ;
+----------------------------------------------+-------+


+------------------------------------------------------------------------------------------------------------------------------------------+
; Multiplexer Restructuring Statistics (Restructuring Performed)                                                                           ;
+--------------------+-----------+---------------+----------------------+------------------------+------------+----------------------------+
; Multiplexer Inputs ; Bus Width ; Baseline Area ; Area if Restructured ; Saving if Restructured ; Registered ; Example Multiplexer Output ;
+--------------------+-----------+---------------+----------------------+------------------------+------------+----------------------------+
; 16:1               ; 7 bits    ; 70 LEs        ; 42 LEs               ; 28 LEs                 ; No         ; |Arithmetic_LU|Mux0        ;
+--------------------+-----------+---------------+----------------------+------------------------+------------+----------------------------+


+-------------------------------------------------------------------------------------------------------------------+
; Port Connectivity Checks: "m8BitSubtractor:m8BitSUB|mFullSubtractor:FullSubtractor_3"                             ;
+---------+--------+----------+-------------------------------------------------------------------------------------+
; Port    ; Type   ; Severity ; Details                                                                             ;
+---------+--------+----------+-------------------------------------------------------------------------------------+
; oBorrow ; Output ; Info     ; Connected to dangling logic. Logic that only feeds a dangling port will be removed. ;
+---------+--------+----------+-------------------------------------------------------------------------------------+


+---------------------------------------------------------------------------------------+
; Port Connectivity Checks: "m8BitSubtractor:m8BitSUB|mFullSubtractor:FullSubtractor_0" ;
+------+-------+----------+-------------------------------------------------------------+
; Port ; Type  ; Severity ; Details                                                     ;
+------+-------+----------+-------------------------------------------------------------+
; iC   ; Input ; Info     ; Stuck at GND                                                ;
+------+-------+----------+-------------------------------------------------------------+


+---------------------------------------------------------------------------------------------------------------------------------------------------------------------------+
; Port Connectivity Checks: "m8BitSubtractor:m8BitSUB"                                                                                                                      ;
+----------+--------+----------+--------------------------------------------------------------------------------------------------------------------------------------------+
; Port     ; Type   ; Severity ; Details                                                                                                                                    ;
+----------+--------+----------+--------------------------------------------------------------------------------------------------------------------------------------------+
; iC       ; Input  ; Warning  ; Input port expression (1 bits) is smaller than the input port (8 bits) it drives.  Extra input bit(s) "iC[7..1]" will be connected to GND. ;
; ZeroFlag ; Output ; Warning  ; Declared by entity but not connected by instance. Logic that only feeds a dangling port will be removed.                                   ;
+----------+--------+----------+--------------------------------------------------------------------------------------------------------------------------------------------+


+--------------------------------------------------------------------------------------------------------------------------------------------------------+
; Port Connectivity Checks: "m8BitAddition:m8BitADDwCarry"                                                                                               ;
+--------+--------+----------+---------------------------------------------------------------------------------------------------------------------------+
; Port   ; Type   ; Severity ; Details                                                                                                                   ;
+--------+--------+----------+---------------------------------------------------------------------------------------------------------------------------+
; oCarry ; Output ; Warning  ; Output or bidir port (8 bits) is wider than the port expression (1 bits) it drives; bit(s) "oCarry[7..1]" have no fanouts ;
+--------+--------+----------+---------------------------------------------------------------------------------------------------------------------------+


+----------------------------------------------------------------------------------------------------------------------------------------------------------------------------------------------------+
; Port Connectivity Checks: "m8BitAddition:m8BitADD|mFullAdder:Full_Add_8"                                                                                                                           ;
+--------+--------+----------+-----------------------------------------------------------------------------------------------------------------------------------------------------------------------+
; Port   ; Type   ; Severity ; Details                                                                                                                                                               ;
+--------+--------+----------+-----------------------------------------------------------------------------------------------------------------------------------------------------------------------+
; oCarry ; Output ; Warning  ; Output or bidir port (1 bits) is smaller than the port expression (8 bits) it drives.  The 7 most-significant bit(s) in the port expression will be connected to GND. ;
+--------+--------+----------+-----------------------------------------------------------------------------------------------------------------------------------------------------------------------+


+--------------------------------------------------------------------------------------------------------------------------------------------------------+
; Port Connectivity Checks: "m8BitAddition:m8BitADD"                                                                                                     ;
+--------+--------+----------+---------------------------------------------------------------------------------------------------------------------------+
; Port   ; Type   ; Severity ; Details                                                                                                                   ;
+--------+--------+----------+---------------------------------------------------------------------------------------------------------------------------+
; oCarry ; Output ; Warning  ; Output or bidir port (8 bits) is wider than the port expression (1 bits) it drives; bit(s) "oCarry[7..1]" have no fanouts ;
+--------+--------+----------+---------------------------------------------------------------------------------------------------------------------------+


+-------------------------------+
; Elapsed Time Per Partition    ;
+----------------+--------------+
; Partition Name ; Elapsed Time ;
+----------------+--------------+
; Top            ; 00:00:01     ;
+----------------+--------------+


+-------------------------------+
; Analysis & Synthesis Messages ;
+-------------------------------+
Info: *******************************************************************
Info: Running Quartus II 64-Bit Analysis & Synthesis
    Info: Version 13.0.1 Build 232 06/12/2013 Service Pack 1 SJ Web Edition
    Info: Processing started: Fri Dec 06 10:13:17 2024
Info: Command: quartus_map --read_settings_files=on --write_settings_files=off Arithmetic_LU -c Arithmetic_LU
Warning (20028): Parallel compilation is not licensed and has been disabled
Info (12021): Found 1 design units, including 1 entities, in source file arithmetic_lu.v
    Info (12023): Found entity 1: Arithmetic_LU
Info (12021): Found 1 design units, including 1 entities, in source file mhalfadder.v
    Info (12023): Found entity 1: mHalfAdder
Info (12021): Found 1 design units, including 1 entities, in source file mfulladder.v
    Info (12023): Found entity 1: mFullAdder
Info (12021): Found 0 design units, including 0 entities, in source file m8bitadditiononly.v
Info (12021): Found 1 design units, including 1 entities, in source file /altera/13.0sp1/projs/addwithcarry (final)/m8bitadc.v
    Info (12023): Found entity 1: m8BitADC
Info (12021): Found 0 design units, including 0 entities, in source file m8bitadc.v
Warning (12019): Can't analyze file -- file Arithmetic_Unit.v is missing
Info (12021): Found 1 design units, including 1 entities, in source file mhalfsubtractor.v
    Info (12023): Found entity 1: mHalfSubtractor
Info (12021): Found 1 design units, including 1 entities, in source file mfullsubtractor.v
    Info (12023): Found entity 1: mFullSubtractor
Info (12021): Found 1 design units, including 1 entities, in source file m8bitsubtractor.v
    Info (12023): Found entity 1: m8BitSubtractor
Info (12021): Found 1 design units, including 1 entities, in source file shiftreg_right.v
    Info (12023): Found entity 1: shiftreg_right
Info (12021): Found 1 design units, including 1 entities, in source file shiftreg_left.v
    Info (12023): Found entity 1: shiftreg_left
Info (12021): Found 1 design units, including 1 entities, in source file lu.v
    Info (12023): Found entity 1: LU
Info (12021): Found 1 design units, including 1 entities, in source file mcarryflag.v
    Info (12023): Found entity 1: mCarryFlag
Info (12021): Found 1 design units, including 1 entities, in source file m8bitaddition.v
    Info (12023): Found entity 1: m8BitAddition
Warning (10236): Verilog HDL Implicit Net warning at Arithmetic_LU.v(89): created implicit net for "nReset"
Warning (10236): Verilog HDL Implicit Net warning at Arithmetic_LU.v(98): created implicit net for "iCin"
Warning (10236): Verilog HDL Implicit Net warning at Arithmetic_LU.v(100): created implicit net for "oCarry"
Warning (10236): Verilog HDL Implicit Net warning at Arithmetic_LU.v(107): created implicit net for "nAdderCin"
Warning (10236): Verilog HDL Implicit Net warning at Arithmetic_LU.v(117): created implicit net for "nCarryFlagOut"
Warning (10236): Verilog HDL Implicit Net warning at Arithmetic_LU.v(127): created implicit net for "nSubCin"
Warning (10236): Verilog HDL Implicit Net warning at Arithmetic_LU.v(129): created implicit net for "oBorrow"
Critical Warning (10846): Verilog HDL Instantiation warning at Arithmetic_LU.v(118): instance has no name
Info (12127): Elaborating entity "Arithmetic_LU" for the top level hierarchy
Warning (10036): Verilog HDL or VHDL warning at Arithmetic_LU.v(89): object "nReset" assigned a value but never read
Warning (10036): Verilog HDL or VHDL warning at Arithmetic_LU.v(22): object "enLShiftA" assigned a value but never read
Warning (10036): Verilog HDL or VHDL warning at Arithmetic_LU.v(22): object "enRShiftA" assigned a value but never read
Warning (10036): Verilog HDL or VHDL warning at Arithmetic_LU.v(22): object "enLShiftB" assigned a value but never read
Warning (10036): Verilog HDL or VHDL warning at Arithmetic_LU.v(22): object "enRShiftB" assigned a value but never read
Warning (10858): Verilog HDL warning at Arithmetic_LU.v(23): object oenLShiftA used but never assigned
Warning (10858): Verilog HDL warning at Arithmetic_LU.v(23): object oenRShiftA used but never assigned
Warning (10858): Verilog HDL warning at Arithmetic_LU.v(23): object oenLShiftB used but never assigned
Warning (10858): Verilog HDL warning at Arithmetic_LU.v(23): object oenRShiftB used but never assigned
Warning (10230): Verilog HDL assignment warning at Arithmetic_LU.v(82): truncated value with size 32 to match size of target (1)
Warning (10230): Verilog HDL assignment warning at Arithmetic_LU.v(83): truncated value with size 32 to match size of target (1)
Warning (10230): Verilog HDL assignment warning at Arithmetic_LU.v(84): truncated value with size 32 to match size of target (1)
Warning (10230): Verilog HDL assignment warning at Arithmetic_LU.v(85): truncated value with size 32 to match size of target (1)
Warning (10230): Verilog HDL assignment warning at Arithmetic_LU.v(88): truncated value with size 32 to match size of target (1)
Warning (10230): Verilog HDL assignment warning at Arithmetic_LU.v(92): truncated value with size 32 to match size of target (1)
Warning (10235): Verilog HDL Always Construct warning at Arithmetic_LU.v(154): variable "oADD" is read inside the Always Construct but isn't in the Always Construct's Event Control
Warning (10235): Verilog HDL Always Construct warning at Arithmetic_LU.v(155): variable "oCarry" is read inside the Always Construct but isn't in the Always Construct's Event Control
Warning (10235): Verilog HDL Always Construct warning at Arithmetic_LU.v(158): variable "oADDwCarry" is read inside the Always Construct but isn't in the Always Construct's Event Control
Warning (10235): Verilog HDL Always Construct warning at Arithmetic_LU.v(159): variable "nCarryFlagOut" is read inside the Always Construct but isn't in the Always Construct's Event Control
Warning (10235): Verilog HDL Always Construct warning at Arithmetic_LU.v(162): variable "oSUB" is read inside the Always Construct but isn't in the Always Construct's Event Control
Warning (10235): Verilog HDL Always Construct warning at Arithmetic_LU.v(163): variable "oBorrow" is read inside the Always Construct but isn't in the Always Construct's Event Control
Warning (10235): Verilog HDL Always Construct warning at Arithmetic_LU.v(169): variable "SubPos" is read inside the Always Construct but isn't in the Always Construct's Event Control
Warning (10235): Verilog HDL Always Construct warning at Arithmetic_LU.v(169): variable "Equal" is read inside the Always Construct but isn't in the Always Construct's Event Control
Warning (10240): Verilog HDL Always Construct warning at Arithmetic_LU.v(140): inferring latch(es) for variable "oCarryFlag", which holds its previous value in one or more paths through the always construct
Warning (10240): Verilog HDL Always Construct warning at Arithmetic_LU.v(140): inferring latch(es) for variable "SubPos", which holds its previous value in one or more paths through the always construct
Warning (10240): Verilog HDL Always Construct warning at Arithmetic_LU.v(140): inferring latch(es) for variable "SubNeg", which holds its previous value in one or more paths through the always construct
Warning (10240): Verilog HDL Always Construct warning at Arithmetic_LU.v(140): inferring latch(es) for variable "Equal", which holds its previous value in one or more paths through the always construct
Warning (10240): Verilog HDL Always Construct warning at Arithmetic_LU.v(140): inferring latch(es) for variable "oDiff", which holds its previous value in one or more paths through the always construct
Info (10041): Inferred latch for "oDiff[0]" at Arithmetic_LU.v(140)
Info (10041): Inferred latch for "oDiff[1]" at Arithmetic_LU.v(140)
Info (10041): Inferred latch for "oDiff[2]" at Arithmetic_LU.v(140)
Info (10041): Inferred latch for "oDiff[3]" at Arithmetic_LU.v(140)
Info (10041): Inferred latch for "oDiff[4]" at Arithmetic_LU.v(140)
Info (10041): Inferred latch for "oDiff[5]" at Arithmetic_LU.v(140)
Info (10041): Inferred latch for "oDiff[6]" at Arithmetic_LU.v(140)
Info (10041): Inferred latch for "oDiff[7]" at Arithmetic_LU.v(140)
Info (10041): Inferred latch for "Equal[0]" at Arithmetic_LU.v(140)
Info (10041): Inferred latch for "Equal[1]" at Arithmetic_LU.v(140)
Info (10041): Inferred latch for "Equal[2]" at Arithmetic_LU.v(140)
Info (10041): Inferred latch for "Equal[3]" at Arithmetic_LU.v(140)
Info (10041): Inferred latch for "Equal[4]" at Arithmetic_LU.v(140)
Info (10041): Inferred latch for "Equal[5]" at Arithmetic_LU.v(140)
Info (10041): Inferred latch for "Equal[6]" at Arithmetic_LU.v(140)
Info (10041): Inferred latch for "Equal[7]" at Arithmetic_LU.v(140)
Info (10041): Inferred latch for "SubNeg[0]" at Arithmetic_LU.v(140)
Info (10041): Inferred latch for "SubNeg[1]" at Arithmetic_LU.v(140)
Info (10041): Inferred latch for "SubNeg[2]" at Arithmetic_LU.v(140)
Info (10041): Inferred latch for "SubNeg[3]" at Arithmetic_LU.v(140)
Info (10041): Inferred latch for "SubNeg[4]" at Arithmetic_LU.v(140)
Info (10041): Inferred latch for "SubNeg[5]" at Arithmetic_LU.v(140)
Info (10041): Inferred latch for "SubNeg[6]" at Arithmetic_LU.v(140)
Info (10041): Inferred latch for "SubNeg[7]" at Arithmetic_LU.v(140)
Info (10041): Inferred latch for "SubPos[0]" at Arithmetic_LU.v(140)
Info (10041): Inferred latch for "SubPos[1]" at Arithmetic_LU.v(140)
Info (10041): Inferred latch for "SubPos[2]" at Arithmetic_LU.v(140)
Info (10041): Inferred latch for "SubPos[3]" at Arithmetic_LU.v(140)
Info (10041): Inferred latch for "SubPos[4]" at Arithmetic_LU.v(140)
Info (10041): Inferred latch for "SubPos[5]" at Arithmetic_LU.v(140)
Info (10041): Inferred latch for "SubPos[6]" at Arithmetic_LU.v(140)
Info (10041): Inferred latch for "SubPos[7]" at Arithmetic_LU.v(140)
Info (10041): Inferred latch for "oCarryFlag" at Arithmetic_LU.v(140)
Info (12128): Elaborating entity "shiftreg_right" for hierarchy "shiftreg_right:ShiftRight_A"
Info (12128): Elaborating entity "shiftreg_left" for hierarchy "shiftreg_left:ShiftLeft_A"
Info (12128): Elaborating entity "m8BitAddition" for hierarchy "m8BitAddition:m8BitADD"
Info (12128): Elaborating entity "mFullAdder" for hierarchy "m8BitAddition:m8BitADD|mFullAdder:Full_Add_1"
Info (12128): Elaborating entity "mHalfAdder" for hierarchy "m8BitAddition:m8BitADD|mFullAdder:Full_Add_1|mHalfAdder:HalfAdder_0"
Info (12128): Elaborating entity "mCarryFlag" for hierarchy "mCarryFlag:comb_26"
Info (12128): Elaborating entity "m8BitSubtractor" for hierarchy "m8BitSubtractor:m8BitSUB"
Info (12128): Elaborating entity "mFullSubtractor" for hierarchy "m8BitSubtractor:m8BitSUB|mFullSubtractor:FullSubtractor_0"
Info (12128): Elaborating entity "mHalfSubtractor" for hierarchy "m8BitSubtractor:m8BitSUB|mFullSubtractor:FullSubtractor_0|mHalfSubtractor:HalfSub_0"
Warning (12030): Port "oCarry" on the entity instantiation of "Full_Add_8" is connected to a signal of width 8. The formal width of the signal in the module is 1.  The extra bits will be left dangling without any fan-out logic.
Warning (12241): 4 hierarchies have connectivity warnings - see the Connectivity Checks report folder
Warning (13012): Latch oCarryFlag$latch has unsafe behavior
    Warning (13013): Ports D and ENA on the latch are fed by the same signal iOpCode[0]
Warning (13024): Output pins are stuck at VCC or GND
    Warning (13410): Pin "SubNeg[0]" is stuck at GND
    Warning (13410): Pin "SubNeg[1]" is stuck at GND
    Warning (13410): Pin "SubNeg[2]" is stuck at GND
    Warning (13410): Pin "SubNeg[3]" is stuck at GND
    Warning (13410): Pin "SubNeg[4]" is stuck at GND
    Warning (13410): Pin "SubNeg[5]" is stuck at GND
    Warning (13410): Pin "SubNeg[6]" is stuck at GND
    Warning (13410): Pin "SubNeg[7]" is stuck at GND
    Warning (13410): Pin "Equal[0]" is stuck at GND
    Warning (13410): Pin "Equal[1]" is stuck at GND
    Warning (13410): Pin "Equal[2]" is stuck at GND
    Warning (13410): Pin "Equal[3]" is stuck at GND
    Warning (13410): Pin "Equal[4]" is stuck at GND
    Warning (13410): Pin "Equal[5]" is stuck at GND
    Warning (13410): Pin "Equal[6]" is stuck at GND
    Warning (13410): Pin "Equal[7]" is stuck at GND
Info (286030): Timing-Driven Synthesis is running
Info (144001): Generated suppressed messages file C:/altera/13.0sp1/PROJS/ALU COMPILED/output_files/Arithmetic_LU.map.smsg
Info (16010): Generating hard_block partition "hard_block:auto_generated_inst"
    Info (16011): Adding 0 node(s), including 0 DDIO, 0 PLL, 0 transceiver and 0 LCELL
Info (21057): Implemented 247 device resources after synthesis - the final resource count might be different
    Info (21058): Implemented 24 input pins
    Info (21059): Implemented 74 output pins
    Info (21061): Implemented 149 logic cells
Info: Quartus II 64-Bit Analysis & Synthesis was successful. 0 errors, 59 warnings
    Info: Peak virtual memory: 4650 megabytes
    Info: Processing ended: Fri Dec 06 10:13:20 2024
    Info: Elapsed time: 00:00:03
    Info: Total CPU time (on all processors): 00:00:03


+------------------------------------------+
; Analysis & Synthesis Suppressed Messages ;
+------------------------------------------+
The suppressed messages can be found in C:/altera/13.0sp1/PROJS/ALU COMPILED/output_files/Arithmetic_LU.map.smsg.


