Flow report for Arithmetic_LU
Fri Dec 06 10:41:10 2024
Quartus II 64-Bit Version 13.0.1 Build 232 06/12/2013 Service Pack 1 SJ Web Edition


---------------------
; Table of Contents ;
---------------------
  1. Legal Notice
  2. Flow Summary
  3. Flow Settings
  4. Flow Non-Default Global Settings
  5. Flow Elapsed Time
  6. Flow OS Summary
  7. Flow Log
  8. Flow Messages
  9. Flow Suppressed Messages



----------------
; Legal Notice ;
----------------
Copyright (C) 1991-2013 Altera Corporation
Your use of Altera Corporation's design tools, logic functions 
and other software and tools, and its AMPP partner logic 
functions, and any output files from any of the foregoing 
(including device programming or simulation files), and any 
associated documentation or information are expressly subject 
to the terms and conditions of the Altera Program License 
Subscription Agreement, Altera MegaCore Function License 
Agreement, or other applicable license agreement, including, 
without limitation, that your use is for the sole purpose of 
programming logic devices manufactured by Altera and sold by 
Altera or its authorized distributors.  Please refer to the 
applicable agreement for further details.



+--------------------------------------------------------------------------------------+
; Flow Summary                                                                         ;
+------------------------------------+-------------------------------------------------+
; Flow Status                        ; Successful - Fri Dec 06 10:41:10 2024           ;
; Quartus II 64-Bit Version          ; 13.0.1 Build 232 06/12/2013 SP 1 SJ Web Edition ;
; Revision Name                      ; Arithmetic_LU                                   ;
; Top-level Entity Name              ; Arithmetic_LU                                   ;
; Family                             ; Cyclone IV GX                                   ;
; Total logic elements               ; 149 / 21,280 ( < 1 % )                          ;
;     Total combinational functions  ; 149 / 21,280 ( < 1 % )                          ;
;     Dedicated logic registers      ; 33 / 21,280 ( < 1 % )                           ;
; Total registers                    ; 33                                              ;
; Total pins                         ; 98 / 167 ( 59 % )                               ;
; Total virtual pins                 ; 0                                               ;
; Total memory bits                  ; 0 / 774,144 ( 0 % )                             ;
; Embedded Multiplier 9-bit elements ; 0 / 80 ( 0 % )                                  ;
; Total GXB Receiver Channel PCS     ; 0 / 4 ( 0 % )                                   ;
; Total GXB Receiver Channel PMA     ; 0 / 4 ( 0 % )                                   ;
; Total GXB Transmitter Channel PCS  ; 0 / 4 ( 0 % )                                   ;
; Total GXB Transmitter Channel PMA  ; 0 / 4 ( 0 % )                                   ;
; Total PLLs                         ; 0 / 4 ( 0 % )                                   ;
; Device                             ; EP4CGX22CF19C6                                  ;
; Timing Models                      ; Final                                           ;
+------------------------------------+-------------------------------------------------+


+-----------------------------------------+
; Flow Settings                           ;
+-------------------+---------------------+
; Option            ; Setting             ;
+-------------------+---------------------+
; Start date & time ; 12/06/2024 10:13:17 ;
; Main task         ; Compilation         ;
; Revision Name     ; Arithmetic_LU       ;
+-------------------+---------------------+


+----------------------------------------------------------------------------------------------------------------------+
; Flow Non-Default Global Settings                                                                                     ;
+-------------------------------------+---------------------------------+---------------+-------------+----------------+
; Assignment Name                     ; Value                           ; Default Value ; Entity Name ; Section Id     ;
+-------------------------------------+---------------------------------+---------------+-------------+----------------+
; COMPILER_SIGNATURE_ID               ; 167300355530919.173345119721904 ; --            ; --          ; --             ;
; EDA_GENERATE_FUNCTIONAL_NETLIST     ; On                              ; --            ; --          ; eda_simulation ;
; EDA_OUTPUT_DATA_FORMAT              ; Verilog Hdl                     ; --            ; --          ; eda_simulation ;
; EDA_SIMULATION_TOOL                 ; ModelSim-Altera (Verilog)       ; <None>        ; --          ; --             ;
; EDA_TIME_SCALE                      ; 1 ps                            ; --            ; --          ; eda_simulation ;
; PARTITION_COLOR                     ; 16764057                        ; --            ; --          ; Top            ;
; PARTITION_FITTER_PRESERVATION_LEVEL ; PLACEMENT_AND_ROUTING           ; --            ; --          ; Top            ;
; PARTITION_NETLIST_TYPE              ; SOURCE                          ; --            ; --          ; Top            ;
; PROJECT_OUTPUT_DIRECTORY            ; output_files                    ; --            ; --          ; --             ;
+-------------------------------------+---------------------------------+---------------+-------------+----------------+


+-------------------------------------------------------------------------------------------------------------------------------+
; Flow Elapsed Time                                                                                                             ;
+---------------------------+--------------+-------------------------+---------------------+------------------------------------+
; Module Name               ; Elapsed Time ; Average Processors Used ; Peak Virtual Memory ; Total CPU Time (on all processors) ;
+---------------------------+--------------+-------------------------+---------------------+------------------------------------+
; Analysis & Synthesis      ; 00:00:03     ; 1.0                     ; 4639 MB             ; 00:00:02                           ;
; Fitter                    ; 00:00:17     ; 1.0                     ; 5008 MB             ; 00:00:15                           ;
; Assembler                 ; 00:00:03     ; 1.0                     ; 4599 MB             ; 00:00:02                           ;
; TimeQuest Timing Analyzer ; 00:00:04     ; 1.0                     ; 4624 MB             ; 00:00:04                           ;
; EDA Netlist Writer        ; 00:00:00     ; 1.0                     ; 4556 MB             ; 00:00:01                           ;
; EDA Netlist Writer        ; 00:00:01     ; 1.0                     ; 4564 MB             ; 00:00:01                           ;
; EDA Netlist Writer        ; 00:00:01     ; 1.0                     ; 4580 MB             ; 00:00:01                           ;
; EDA Netlist Writer        ; 00:00:00     ; 1.0                     ; 4564 MB             ; 00:00:01                           ;
; EDA Netlist Writer        ; 00:00:01     ; 1.0                     ; 4580 MB             ; 00:00:01                           ;
; EDA Netlist Writer        ; 00:00:01     ; 1.0                     ; 4564 MB             ; 00:00:01                           ;
; EDA Netlist Writer        ; 00:00:01     ; 1.0                     ; 4580 MB             ; 00:00:01                           ;
; Total                     ; 00:00:32     ; --                      ; --                  ; 00:00:30                           ;
+---------------------------+--------------+-------------------------+---------------------+------------------------------------+


+----------------------------------------------------------------------------------------+
; Flow OS Summary                                                                        ;
+---------------------------+------------------+-----------+------------+----------------+
; Module Name               ; Machine Hostname ; OS Name   ; OS Version ; Processor type ;
+---------------------------+------------------+-----------+------------+----------------+
; Analysis & Synthesis      ; evii-laptop      ; Windows 7 ; 6.2        ; x86_64         ;
; Fitter                    ; evii-laptop      ; Windows 7 ; 6.2        ; x86_64         ;
; Assembler                 ; evii-laptop      ; Windows 7 ; 6.2        ; x86_64         ;
; TimeQuest Timing Analyzer ; evii-laptop      ; Windows 7 ; 6.2        ; x86_64         ;
; EDA Netlist Writer        ; evii-laptop      ; Windows 7 ; 6.2        ; x86_64         ;
; EDA Netlist Writer        ; evii-laptop      ; Windows 7 ; 6.2        ; x86_64         ;
; EDA Netlist Writer        ; evii-laptop      ; Windows 7 ; 6.2        ; x86_64         ;
; EDA Netlist Writer        ; evii-laptop      ; Windows 7 ; 6.2        ; x86_64         ;
; EDA Netlist Writer        ; evii-laptop      ; Windows 7 ; 6.2        ; x86_64         ;
; EDA Netlist Writer        ; evii-laptop      ; Windows 7 ; 6.2        ; x86_64         ;
; EDA Netlist Writer        ; evii-laptop      ; Windows 7 ; 6.2        ; x86_64         ;
+---------------------------+------------------+-----------+------------+----------------+


------------
; Flow Log ;
------------
quartus_map --read_settings_files=on --write_settings_files=off Arithmetic_LU -c Arithmetic_LU
quartus_fit --read_settings_files=off --write_settings_files=off Arithmetic_LU -c Arithmetic_LU
quartus_asm --read_settings_files=off --write_settings_files=off Arithmetic_LU -c Arithmetic_LU
quartus_sta Arithmetic_LU -c Arithmetic_LU
quartus_eda --read_settings_files=off --write_settings_files=off Arithmetic_LU -c Arithmetic_LU
quartus_eda --gen_testbench --check_outputs=on --tool=modelsim_oem --format=verilog Arithmetic_LU -c Arithmetic_LU --vector_source="C:/altera/13.0sp1/PROJS/ALU COMPILED/Waveform.vwf" --testbench_file=./simulation/qsim/Arithmetic_LU.vt
quartus_eda --functional=on --simulation=on --tool=modelsim_oem --format=verilog Arithmetic_LU -c Arithmetic_LU
quartus_eda --gen_testbench --check_outputs=on --tool=modelsim_oem --format=verilog Arithmetic_LU -c Arithmetic_LU --vector_source="C:/altera/13.0sp1/PROJS/ALU COMPILED/Waveform.vwf" --testbench_file=./simulation/qsim/Arithmetic_LU.vt
quartus_eda --functional=on --simulation=on --tool=modelsim_oem --format=verilog Arithmetic_LU -c Arithmetic_LU
quartus_eda --gen_testbench --check_outputs=on --tool=modelsim_oem --format=verilog Arithmetic_LU -c Arithmetic_LU --vector_source="C:/altera/13.0sp1/PROJS/ALU COMPILED/Waveform.vwf" --testbench_file=./simulation/qsim/Arithmetic_LU.vt
quartus_eda --functional=off --timescale=1ps --simulation=on --tool=modelsim_oem --format=verilog Arithmetic_LU -c Arithmetic_LU



